<?xml version="1.0" encoding="UTF-8"?>
<testsuite xmlns:xsi="http://www.w3.org/2001/XMLSchema-instance" xsi:noNamespaceSchemaLocation="https://maven.apache.org/surefire/maven-surefire-plugin/xsd/surefire-test-report-3.0.xsd" version="3.0" name="InwentarzTest" time="0.115" tests="7" errors="0" skipped="0" failures="0">
  <properties>
[...]
</properties>
  <testcase name="tworzenieRozkladuSwiateczne" classname="InwentarzTest" time="0.084">
    <system-out><![CDATA[
Model.Inwentarz()
✓ dodajRozklad():
--- przeslane parametry rozkladu: Id: 1, Typ: 3, dataOd: 01.01.2026, czestotliwosc: 5, linie: 1, 2 typSwieta: Wigilia

Model.FabrykaRozkladu()
✓ dodajRozklad():

Model.FabrykaRozkladuSwiatecznego()
✓ utworzRozklad():
--- utworzony rozklad ze swietem: Wigilia
]]></system-out>
  </testcase>
  <testcase name="tworzenieNowegoRozkladuNiepoprawnaData" classname="InwentarzTest" time="0.005">
    <system-out><![CDATA[
Model.Inwentarz()
✓ dodajRozklad():
--- przeslane parametry rozkladu: Id: 1, Typ: 2, dataOd: 01.13.2026, czestotliwosc: 5, linie: 1, 2 czasKoncaIStartu: 1.0-2.0

Model.FabrykaRozkladu()
✓ dodajRozklad():
]]></system-out>
    <system-err><![CDATA[Text '01.13.2026' could not be parsed: Invalid value for MonthOfYear (valid values 1 - 12): 13
]]></system-err>
  </testcase>
  <testcase name="załadujDaneZDao" classname="InwentarzTest" time="0.004"/>
  <testcase name="tworzenieRozkladuPodstawowego" classname="InwentarzTest" time="0.004">
    <system-out><![CDATA[
Model.Inwentarz()
✓ dodajRozklad():
--- przeslane parametry rozkladu: Id: 1, Typ: 1, dataOd: 01.01.2026, czestotliwosc: 5, linie: 1, 2
Model.FabrykaRozkladu()
✓ dodajRozklad():

Model.FabrykaRozkladu()
✓ dodajRozklad():
--- utworzono rozkład podstawowy:
]]></system-out>
  </testcase>
  <testcase name="tworzenieNowegoRozkladuNiepoprawnyTyp" classname="InwentarzTest" time="0.004">
    <system-out><![CDATA[
Model.Inwentarz()
✓ dodajRozklad():
--- przeslane parametry rozkladu: Id: 1, Typ: 4, dataOd: 01.01.2026, czestotliwosc: 5, linie: 1, 2
Model.FabrykaRozkladu()
✓ dodajRozklad():
]]></system-out>
    <system-err><![CDATA[Nieznany typ rozkładu: 4
Rozkład nie mógł zostać dodany
]]></system-err>
  </testcase>
  <testcase name="podanieNullNaParametr" classname="InwentarzTest" time="0.003">
    <system-out><![CDATA[
Model.Inwentarz()
✓ dodajRozklad():
]]></system-out>
    <system-err><![CDATA[Podane dane są puste
]]></system-err>
  </testcase>
  <testcase name="tworzenieNowegoRozkladuNocnego" classname="InwentarzTest" time="0.005">
    <system-out><![CDATA[
Model.Inwentarz()
✓ dodajRozklad():
--- przeslane parametry rozkladu: Id: 1, Typ: 2, dataOd: 01.01.2026, czestotliwosc: 5, linie: 1, 2 czasKoncaIStartu: 1.0-2.0

Model.FabrykaRozkladu()
✓ dodajRozklad():
]]></system-out>
  </testcase>
</testsuite>