<?xml version="1.0" encoding="UTF-8"?>
<testsuite xmlns:xsi="http://www.w3.org/2001/XMLSchema-instance" xsi:noNamespaceSchemaLocation="https://maven.apache.org/surefire/maven-surefire-plugin/xsd/surefire-test-report-3.0.xsd" version="3.0" name="Kontroler.DodawanieNowychRozkladowTest" time="1.626" tests="5" errors="0" skipped="0" failures="0">
  <properties>
[...]
</properties>
  <testcase name="dodaniePoprawnegoRozkladu" classname="Kontroler.DodawanieNowychRozkladowTest" time="1.562">
    <system-out><![CDATA[--- Rozpoczęto realizację PU dodawanie nowych rozkładów.
]]></system-out>
    <system-err><![CDATA[Mockito is currently self-attaching to enable the inline-mock-maker. This will no longer work in future releases of the JDK. Please add Mockito as an agent to your build as described in Mockito's documentation: https://javadoc.io/doc/org.mockito/mockito-core/latest/org/mockito/Mockito.html#0.3
WARNING: A Java agent has been loaded dynamically (/home/grzegorz/.m2/repository/net/bytebuddy/byte-buddy-agent/1.15.11/byte-buddy-agent-1.15.11.jar)
WARNING: If a serviceability tool is in use, please run with -XX:+EnableDynamicAgentLoading to hide this warning
WARNING: If a serviceability tool is not in use, please run with -Djdk.instrument.traceUsage for more information
WARNING: Dynamic loading of agents will be disallowed by default in a future release
]]></system-err>
  </testcase>
  <testcase name="dodaniePoprawnegoRozkladuNocnego" classname="Kontroler.DodawanieNowychRozkladowTest" time="0.009">
    <system-out><![CDATA[--- Rozpoczęto realizację PU dodawanie nowych rozkładów.
]]></system-out>
  </testcase>
  <testcase name="dodaniePoprawnegoRozkladuSwiatecznego" classname="Kontroler.DodawanieNowychRozkladowTest" time="0.006">
    <system-out><![CDATA[--- Rozpoczęto realizację PU dodawanie nowych rozkładów.
]]></system-out>
  </testcase>
  <testcase name="dodanieRozkladuZPustaListaLinii" classname="Kontroler.DodawanieNowychRozkladowTest" time="0.007">
    <system-out><![CDATA[--- Rozpoczęto realizację PU dodawanie nowych rozkładów.
]]></system-out>
  </testcase>
  <testcase name="sprawdzenieZeWprowadzTypSwietaNieJestWywolywaneDlaRozkladuPodstawowego" classname="Kontroler.DodawanieNowychRozkladowTest" time="0.006">
    <system-out><![CDATA[--- Rozpoczęto realizację PU dodawanie nowych rozkładów.
]]></system-out>
  </testcase>
</testsuite>